RomanConverterTest.cs(48,5): error CS1002: ; expected
RomanConverterTest.cs(50,0): error CS1525: Unexpected symbol `}'
